# 3d, 26 fps
42.4723 user,13.5539 system,0.0397163 nice,0.0609929 waste,43.6362 idle,
====
96.1965|Chrome GPU|1| /opt/google/chrome/chrome --type=gpu-process --channel=973.0.2126556522 --enable-logging --gpu-sandbox-failures-fatal=yes --log-level=1 --vmodule=screen_locker=1,webui_screen_locker=1,network_portal_detector_impl=1,reset_screen_handler=1,update_engine_client=1,*ui/display/chromeos*=1,*ash/display*=1,*zygote*=1,*plugin*=2 --ui-prioritize-in-gpu-process --enable-crash-reporter=F2493D9145244D6590A87A7B34487370 --user-data-dir=/home/chronos -+
34.7745|NaCl|4| /opt/google/chrome/nacl_helper_bootstrap /opt/google/chrome/nacl_helper --reserved_at_zero=0x0000000040000000 --r_debug=0x0000000040000000
34.439|Chrome|3| /opt/google/chrome/chrome --ppapi-flash-path=/opt/google/chrome/pepper/libpepflashplayer.so --ppapi-flash-version=15.0.0.152-r1 --ppapi-flash-args=enable_hw_video_decode=0 --register-pepper-plugins=/opt/google/chrome/pepper/libnetflixhelper.so#NetflixHelper#Helper for the Netflix application#2.0.0;application/x-ppapi-netflixhelper --enable-fixed-position-compositing --enable-impl-side-painting --max-tiles-for-interest-area=512 --ui-enable+
23.727|Chrome Render|2| /opt/google/chrome/chrome --type=renderer --enable-fixed-position-compositing --enable-logging --log-level=1 --register-pepper-plugins=/opt/google/chrome/pepper/libnetflixhelper.so#NetflixHelper#Helper for the Netflix application#2.0.0;application/x-ppapi-netflixhelper --vmodule=screen_locker=1,webui_screen_locker=1,network_portal_detector_impl=1,reset_screen_handler=1,update_engine_client=1,*ui/display/chromeos*=1,*ash/display*=1,*zygote+
15.6057|croutonfbserver|5| ./croutonfbserver
8.14468|Xorg :2|6| Xorg -config dummy/xorg.conf :2 -logfile xorg.log
4.76241|top (instrumentation)|8| top -c -b -d 1 -w 512
2.50496|Chrome Xorg|7| /usr/bin/X -nohwaccess -noreset -maxvt 2 -nolisten tcp vt1 -auth /var/run/chromelogin.auth -logfile /var/log/xorg/Xorg.0.log
1.24184|Chrome Render|2| /opt/google/chrome/chrome --type=renderer --enable-fixed-position-compositing --enable-logging --log-level=1 --register-pepper-plugins=/opt/google/chrome/pepper/libnetflixhelper.so#NetflixHelper#Helper for the Netflix application#2.0.0;application/x-ppapi-netflixhelper --vmodule=screen_locker=1,webui_screen_locker=1,network_portal_detector_impl=1,reset_screen_handler=1,update_engine_client=1,*ui/display/chromeos*=1,*ash/display*=1,*zygote+
1.1461|Chrome Render|2| /opt/google/chrome/chrome --type=renderer --enable-fixed-position-compositing --enable-logging --log-level=1 --register-pepper-plugins=/opt/google/chrome/pepper/libnetflixhelper.so#NetflixHelper#Helper for the Netflix application#2.0.0;application/x-ppapi-netflixhelper --vmodule=screen_locker=1,webui_screen_locker=1,network_portal_detector_impl=1,reset_screen_handler=1,update_engine_client=1,*ui/display/chromeos*=1,*ash/display*=1,*zygote+
0.937589||0| shill --log-level=0 --log-scopes=
0.321277||0| /usr/bin/powerd --prefs_dir=/var/lib/power_manager --default_prefs_dir=/usr/share/power_manager --log_dir=/var/log/power_manager --run_dir=/var/run/power_manager/power --vmodule=state_controller=1,*backlight_controller=1,ambient_light_handler=1
0.087234||0| xclock -update 1
0.087234||0| [kworker/u:6]
0.0801418||0| tlsdated -v -- /usr/bin/tlsdate -v -C /usr/share/chromeos-ca-certificates -l
0.0539007||0| [kworker/2:0]
0.0460993||0| [kworker/1:2]
0.041844||0| [kworker/3:0]
0.0411348||0| /usr/sbin/ModemManager --log-level=INFO
0.0404255|Chrome Render|2| /opt/google/chrome/chrome --type=renderer --enable-fixed-position-compositing --enable-logging --log-level=1 --register-pepper-plugins=/opt/google/chrome/pepper/libnetflixhelper.so#NetflixHelper#Helper for the Netflix application#2.0.0;application/x-ppapi-netflixhelper --vmodule=screen_locker=1,webui_screen_locker=1,network_portal_detector_impl=1,reset_screen_handler=1,update_engine_client=1,*ui/display/chromeos*=1,*ash/display*=1,*zygote+
0.0397163||0| dbus-daemon --system --fork
0.0340426||0| [kworker/0:0]
0.0205674||0| [usb-storage]
0.0205674||0| metrics_daemon
0.0141844||0| [loop10]
0.0134752||0| [loop0]
0.0134752||0| cromo
0.0070922|Chrome Render|2| /opt/google/chrome/chrome --type=renderer --enable-fixed-position-compositing --enable-logging --log-level=1 --register-pepper-plugins=/opt/google/chrome/pepper/libnetflixhelper.so#NetflixHelper#Helper for the Netflix application#2.0.0;application/x-ppapi-netflixhelper --vmodule=screen_locker=1,webui_screen_locker=1,network_portal_detector_impl=1,reset_screen_handler=1,update_engine_client=1,*ui/display/chromeos*=1,*ash/display*=1,*zygote+
0.0070922|Chrome Render|2| /opt/google/chrome/chrome --type=renderer --enable-fixed-position-compositing --enable-logging --log-level=1 --register-pepper-plugins=/opt/google/chrome/pepper/libnetflixhelper.so#NetflixHelper#Helper for the Netflix application#2.0.0;application/x-ppapi-netflixhelper --vmodule=screen_locker=1,webui_screen_locker=1,network_portal_detector_impl=1,reset_screen_handler=1,update_engine_client=1,*ui/display/chromeos*=1,*ash/display*=1,*zygote+
0.0070922||0| [watchdog/1]
0.0070922||0| update_engine
0.0070922||0| [ksoftirqd/3]
0.00638298||0| [ksoftirqd/2]
0.00638298||0| [ksoftirqd/1]
0.00638298||0| [ksoftirqd/0]
0.00638298||0| [jbd2/dm-2-8]
0.00638298||0| [jbd2/dm-1-8]
