# criat 3d, fps a bit better (50?)
26.6813 user,23.9 system,0.0302158 nice,0.704317 waste,48.5719 idle,
====
45.2612|Chrome GPU|1| /opt/google/chrome/chrome --type=gpu-process --channel=1436.0.2127156716 --enable-logging --gpu-sandbox-failures-fatal=yes --log-level=1 --vmodule=screen_locker=1,webui_screen_locker=1,network_portal_detector_impl=1,reset_screen_handler=1,update_engine_client=1,*ui/display/chromeos*=1,*ash/display*=1,*zygote*=1,*plugin*=2 --ui-prioritize-in-gpu-process --user-data-dir=/home/chronos --homedir=/ --use-gl=egl --supports-dual-gpus=false --gpu+
37.8806|Chrome|3| /opt/google/chrome/chrome --ppapi-flash-path=/opt/google/chrome/pepper/libpepflashplayer.so --ppapi-flash-version=15.0.0.152-r1 --ppapi-flash-args=enable_hw_video_decode=1 --register-pepper-plugins=/opt/google/chrome/pepper/libnetflixhelper.so#NetflixHelper#Helper for the Netflix application#2.0.0;application/x-ppapi-netflixhelper --enable-fixed-position-compositing --enable-impl-side-painting --max-tiles-for-interest-area=512 --ui-enable+
34.2978|croutonfbserver|5| ./croutonfbserver
33.3338|NaCl|4| /opt/google/chrome/nacl_helper_bootstrap /opt/google/chrome/nacl_helper --reserved_at_zero=0x0000000040002000 --r_debug=0x0000000040002000
24.5518|Chrome Render|2| /opt/google/chrome/chrome --type=renderer --enable-fixed-position-compositing --enable-logging --log-level=1 --register-pepper-plugins=/opt/google/chrome/pepper/libnetflixhelper.so#NetflixHelper#Helper for the Netflix application#2.0.0;application/x-ppapi-netflixhelper --use-gl=egl --vmodule=screen_locker=1,webui_screen_locker=1,network_portal_detector_impl=1,reset_screen_handler=1,update_engine_client=1,*ui/display/chromeos*=1,*ash/displ+
8.10576|Xorg :2|6| Xorg -config dummy/xorg.conf :2 -logfile xorg.log
5.44676|top (instrumentation)|8| top -c -b -d 1 -w 512
2.46978|Chrome Xorg|7| /usr/bin/X -nohwaccess -noreset -maxvt 2 -nolisten tcp vt1 -auth /var/run/chromelogin.auth -logfile /var/log/xorg/Xorg.0.log
2.31295|Chrome Render|2| /opt/google/chrome/chrome --type=renderer --enable-fixed-position-compositing --enable-logging --log-level=1 --register-pepper-plugins=/opt/google/chrome/pepper/libnetflixhelper.so#NetflixHelper#Helper for the Netflix application#2.0.0;application/x-ppapi-netflixhelper --use-gl=egl --vmodule=screen_locker=1,webui_screen_locker=1,network_portal_detector_impl=1,reset_screen_handler=1,update_engine_client=1,*ui/display/chromeos*=1,*ash/displ+
1.71727||0| [kworker/0:1]
0.913669|Chrome Render|2| /opt/google/chrome/chrome --type=renderer --enable-fixed-position-compositing --enable-logging --log-level=1 --register-pepper-plugins=/opt/google/chrome/pepper/libnetflixhelper.so#NetflixHelper#Helper for the Netflix application#2.0.0;application/x-ppapi-netflixhelper --use-gl=egl --vmodule=screen_locker=1,webui_screen_locker=1,network_portal_detector_impl=1,reset_screen_handler=1,update_engine_client=1,*ui/display/chromeos*=1,*ash/displ+
0.78705||0| /usr/bin/Xephyr -fullscreen -host-cursor -nolisten tcp :1
0.698561||0| [kworker/u:1H]
0.659712||0| [kworker/u:0H]
0.571942||0| [kworker/0:0]
0.427338|Chrome Render|2| /opt/google/chrome/chrome --type=renderer --enable-fixed-position-compositing --enable-logging --log-level=1 --register-pepper-plugins=/opt/google/chrome/pepper/libnetflixhelper.so#NetflixHelper#Helper for the Netflix application#2.0.0;application/x-ppapi-netflixhelper --use-gl=egl --vmodule=screen_locker=1,webui_screen_locker=1,network_portal_detector_impl=1,reset_screen_handler=1,update_engine_client=1,*ui/display/chromeos*=1,*ash/displ+
0.344604||0| [spi2]
0.200719||0| [rcu_sched]
0.17482||0| /usr/bin/powerd --prefs_dir=/var/lib/power_manager --default_prefs_dir=/usr/share/power_manager --log_dir=/var/log/power_manager --run_dir=/var/run/power_manager/power --vmodule=state_controller=1,*backlight_controller=1,ambient_light_handler=1
0.153957||0| shill --log-level=0 --log-scopes= --portal-list=''
0.141727||0| /bin/bash /usr/sbin/thermal.sh
0.105036||0| emacs src/fbserver.c
0.071223||0| [kworker/u:0]
0.0467626||0| dbus-daemon --system --fork
0.0402878||0| [loop11]
0.0388489||0| xclock -update 1
0.0323741||0| [mmcqd/0]
0.0323741||0| [kworker/2:0]
0.0323741||0| [kworker/1:1]
0.0266187||0| rsyslogd -c4 -n -f /etc/rsyslog.chromeos
0.0258993|Chrome Render|2| /opt/google/chrome/chrome --type=renderer --enable-fixed-position-compositing --enable-logging --log-level=1 --register-pepper-plugins=/opt/google/chrome/pepper/libnetflixhelper.so#NetflixHelper#Helper for the Netflix application#2.0.0;application/x-ppapi-netflixhelper --use-gl=egl --vmodule=screen_locker=1,webui_screen_locker=1,network_portal_detector_impl=1,reset_screen_handler=1,update_engine_client=1,*ui/display/chromeos*=1,*ash/displ+
0.0258993||0| /usr/lib/upower/upowerd
0.0258993||0| [kworker/3:2]
0.0194245||0| [usb-storage]
0.0194245||0| [loop10]
0.0194245||0| [loop0]
0.0194245||0| [ktps65090charge]
0.0136691||0| [ksoftirqd/0]
0.0136691||0| [flush-8:0]
0.0129496||0| /usr/lib/gvfs/gvfsd-trash --spawner :1.10 /org/gtk/gvfs/exec_spaw/0
0.0129496||0| metrics_daemon
0.00647482||0| xfce4-power-manager --restart --sm-client-id 278ee9486-8443-4bc3-8289-f642e42bbeb3
0.00647482||0| /usr/sbin/wpa_supplicant -u -s -O/var/run/wpa_supplicant
0.00647482||0| /usr/sbin/daisydog
0.00647482||0| [kworker/0:2]
0.00647482||0| [ksoftirqd/3]
0.00647482||0| [ksoftirqd/2]
0.00647482||0| [ksoftirqd/1]
0.00647482||0| [ksdioirqd/mmc1]
0.00647482||0| [jbd2/mmcblk0p1-]
0.00647482||0| [flush-254:2]
0.00647482||0| [flush-254:1]
0.00647482||0| [flush-179:0]
0.00647482||0| /bin/sh -e /usr/local/bin/croutonpowerd --daemon
0.00647482||0| //bin/dbus-daemon --fork --print-pid 5 --print-address 7 --session
