# criat 2d, fps is a bit unstable, around 45fps
20.035 user,23.8014 system,0.0257143 nice,0.122857 waste,55.925 idle,
====
57.3357|Chrome Render|2| /opt/google/chrome/chrome --type=renderer --enable-fixed-position-compositing --enable-logging --log-level=1 --register-pepper-plugins=/opt/google/chrome/pepper/libnetflixhelper.so#NetflixHelper#Helper for the Netflix application#2.0.0;application/x-ppapi-netflixhelper --use-gl=egl --vmodule=screen_locker=1,webui_screen_locker=1,network_portal_detector_impl=1,reset_screen_handler=1,update_engine_client=1,*ui/display/chromeos*=1,*ash/displ+
33.8114|Chrome|3| /opt/google/chrome/chrome --ppapi-flash-path=/opt/google/chrome/pepper/libpepflashplayer.so --ppapi-flash-version=15.0.0.152-r1 --ppapi-flash-args=enable_hw_video_decode=1 --register-pepper-plugins=/opt/google/chrome/pepper/libnetflixhelper.so#NetflixHelper#Helper for the Netflix application#2.0.0;application/x-ppapi-netflixhelper --enable-fixed-position-compositing --enable-impl-side-painting --max-tiles-for-interest-area=512 --ui-enable+
33.545|Chrome GPU|1| /opt/google/chrome/chrome --type=gpu-process --channel=1436.0.2127156716 --enable-logging --gpu-sandbox-failures-fatal=yes --log-level=1 --vmodule=screen_locker=1,webui_screen_locker=1,network_portal_detector_impl=1,reset_screen_handler=1,update_engine_client=1,*ui/display/chromeos*=1,*ash/display*=1,*zygote*=1,*plugin*=2 --ui-prioritize-in-gpu-process --user-data-dir=/home/chronos --homedir=/ --use-gl=egl --supports-dual-gpus=false --gpu+
17.1971|croutonfbserver|5| ./croutonfbserver
10.9529|NaCl|4| /opt/google/chrome/nacl_helper_bootstrap /opt/google/chrome/nacl_helper --reserved_at_zero=0x0000000040002000 --r_debug=0x0000000040002000
6.78071|Xorg :2|6| Xorg -config dummy/xorg.conf :2 -logfile xorg.log
5.415|top (instrumentation)|8| top -c -b -d 1 -w 512
2.30286|Chrome Xorg|7| /usr/bin/X -nohwaccess -noreset -maxvt 2 -nolisten tcp vt1 -auth /var/run/chromelogin.auth -logfile /var/log/xorg/Xorg.0.log
2.27143|Chrome Render|2| /opt/google/chrome/chrome --type=renderer --enable-fixed-position-compositing --enable-logging --log-level=1 --register-pepper-plugins=/opt/google/chrome/pepper/libnetflixhelper.so#NetflixHelper#Helper for the Netflix application#2.0.0;application/x-ppapi-netflixhelper --use-gl=egl --vmodule=screen_locker=1,webui_screen_locker=1,network_portal_detector_impl=1,reset_screen_handler=1,update_engine_client=1,*ui/display/chromeos*=1,*ash/displ+
0.885||0| [kworker/0:1]
0.874286|Chrome Render|2| /opt/google/chrome/chrome --type=renderer --enable-fixed-position-compositing --enable-logging --log-level=1 --register-pepper-plugins=/opt/google/chrome/pepper/libnetflixhelper.so#NetflixHelper#Helper for the Netflix application#2.0.0;application/x-ppapi-netflixhelper --use-gl=egl --vmodule=screen_locker=1,webui_screen_locker=1,network_portal_detector_impl=1,reset_screen_handler=1,update_engine_client=1,*ui/display/chromeos*=1,*ash/displ+
0.796429||0| /usr/bin/Xephyr -fullscreen -host-cursor -nolisten tcp :1
0.485|Chrome Render|2| /opt/google/chrome/chrome --type=renderer --enable-fixed-position-compositing --enable-logging --log-level=1 --register-pepper-plugins=/opt/google/chrome/pepper/libnetflixhelper.so#NetflixHelper#Helper for the Netflix application#2.0.0;application/x-ppapi-netflixhelper --use-gl=egl --vmodule=screen_locker=1,webui_screen_locker=1,network_portal_detector_impl=1,reset_screen_handler=1,update_engine_client=1,*ui/display/chromeos*=1,*ash/displ+
0.341429||0| [spi2]
0.282857||0| [kworker/u:0H]
0.263571||0| [kworker/u:2H]
0.205714||0| [rcu_sched]
0.174286||0| /usr/bin/powerd --prefs_dir=/var/lib/power_manager --default_prefs_dir=/usr/share/power_manager --log_dir=/var/log/power_manager --run_dir=/var/run/power_manager/power --vmodule=state_controller=1,*backlight_controller=1,ambient_light_handler=1
0.167143||0| shill --log-level=0 --log-scopes= --portal-list=''
0.147857||0| /bin/bash /usr/sbin/thermal.sh
0.0964286||0| [kworker/u:1H]
0.0964286||0| emacs src/fbserver.c
0.0771429||0| [kworker/u:1]
0.0514286||0| [kworker/0:2]
0.0464286||0| dbus-daemon --system --fork
0.0385714||0| [kworker/3:2]
0.0385714||0| [kworker/2:1]
0.0321429||0| [kworker/1:1]
0.0257143|Chrome Render|2| /opt/google/chrome/chrome --type=renderer --enable-fixed-position-compositing --enable-logging --log-level=1 --register-pepper-plugins=/opt/google/chrome/pepper/libnetflixhelper.so#NetflixHelper#Helper for the Netflix application#2.0.0;application/x-ppapi-netflixhelper --use-gl=egl --vmodule=screen_locker=1,webui_screen_locker=1,network_portal_detector_impl=1,reset_screen_handler=1,update_engine_client=1,*ui/display/chromeos*=1,*ash/displ+
0.0257143||0| xclock -update 1
0.0257143||0| /usr/lib/upower/upowerd
0.02||0| rsyslogd -c4 -n -f /etc/rsyslog.chromeos
0.0192857||0| /usr/sbin/wpa_supplicant -u -s -O/var/run/wpa_supplicant
0.0192857||0| [mmcqd/0]
0.0192857||0| [ktps65090charge]
0.0128571||0| [usb-storage]
0.0128571||0| metrics_daemon
0.0128571||0| [ksoftirqd/1]
0.0128571||0| [ksoftirqd/0]
0.0128571||0| [ksdioirqd/mmc1]
0.0128571||0| //bin/dbus-daemon --fork --print-pid 5 --print-address 7 --session
0.00642857|Chrome Render|2| /opt/google/chrome/chrome --type=renderer --enable-fixed-position-compositing --enable-logging --log-level=1 --register-pepper-plugins=/opt/google/chrome/pepper/libnetflixhelper.so#NetflixHelper#Helper for the Netflix application#2.0.0;application/x-ppapi-netflixhelper --use-gl=egl --vmodule=screen_locker=1,webui_screen_locker=1,network_portal_detector_impl=1,reset_screen_handler=1,update_engine_client=1,*ui/display/chromeos*=1,*ash/displ+
0.00642857|Chrome Render|2| /opt/google/chrome/chrome --type=renderer --enable-fixed-position-compositing --enable-logging --log-level=1 --register-pepper-plugins=/opt/google/chrome/pepper/libnetflixhelper.so#NetflixHelper#Helper for the Netflix application#2.0.0;application/x-ppapi-netflixhelper --use-gl=egl --vmodule=screen_locker=1,webui_screen_locker=1,network_portal_detector_impl=1,reset_screen_handler=1,update_engine_client=1,*ui/display/chromeos*=1,*ash/displ+
0.00642857||0| xfce4-session
0.00642857||0| xfce4-power-manager --restart --sm-client-id 278ee9486-8443-4bc3-8289-f642e42bbeb3
0.00642857||0| [watchdog/2]
0.00642857||0| [watchdog/0]
0.00642857||0| [migration/3]
0.00642857||0| [migration/2]
0.00642857||0| [loop11]
0.00642857||0| [loop10]
0.00642857||0| [loop0]
0.00642857||0| [kworker/0:1H]
0.00642857||0| [ksoftirqd/3]
0.00642857||0| [ksoftirqd/2]
0.00642857||0| [jbd2/mmcblk0p1-]
0.00642857||0| [jbd2/dm-2-8]
0.00642857||0| dbus-daemon --system --fork
0.00642857||0| /bin/sh -e /usr/local/bin/croutonpowerd --daemon
